Removed Pin From Net: NetName=GND Pin=C12-2
Removed Pin From Net: NetName=GND Pin=C13-2
Removed Pin From Net: NetName=GND Pin=C15-2
Removed Pin From Net: NetName=GND Pin=C17-1
Removed Pin From Net: NetName=GND Pin=U4-1
Removed Pin From Net: NetName=GND Pin=U4-9
Removed Pin From Net: NetName=GND Pin=U4-11
Removed Pin From Net: NetName=GND Pin=U4-18
Removed Pin From Net: NetName=GND Pin=U4-25
Removed Member From Class: ClassName=padometer Member=C12
Removed Member From Class: ClassName=padometer Member=C13
Removed Member From Class: ClassName=padometer Member=C15
Removed Member From Class: ClassName=padometer Member=C17
Removed Member From Class: ClassName=padometer Member=R3
Removed Member From Class: ClassName=padometer Member=R4
Removed Member From Class: ClassName=padometer Member=U4
Change Component Designator: OldDesignator=U3 NewDesignator=U2
Change Component Designator: OldDesignator=U5 NewDesignator=U1
Added Component: Designator=U3(MPU6050MODUL)
Change Net Name : Old Net Name=NetU3_25 New Net Name=NetU1_1
Change Net Name : Old Net Name=NetU3_27 New Net Name=NetU1_8
Change Net Name : Old Net Name=NetU3_38 New Net Name=NetU1_13
Change Net Name : Old Net Name=NetU3_39 New Net Name=NetU1_10
Change Net Name : Old Net Name=NetU3_40 New Net Name=NetU1_11
Change Net Name : Old Net Name=NetU3_41 New Net Name=NetU1_12
Change Net Name : Old Net Name=NetU3_42 New Net Name=NetU1_2
Added Pin To Net: NetName=NetU2_21 Pin=U2-21
Added Pin To Net: NetName=NetU2_21 Pin=U3-3
Added Net: Name=NetU2_21
Added Pin To Net: NetName=NetU2_22 Pin=U2-22
Added Pin To Net: NetName=NetU2_22 Pin=U3-4
Added Net: Name=NetU2_22
Added Pin To Net: NetName=NetU2_26 Pin=U2-26
Added Pin To Net: NetName=NetU2_26 Pin=U3-1
Added Net: Name=NetU2_26
Added Member To Class: ClassName=padometer Member=Component U3 mpu6050modul
Added Room: Name=padometer
