Removed Pin From Net: NetName=GND Pin=C1-1
Removed Pin From Net: NetName=3.3 V Pin=C1-2
Removed Pin From Net: NetName=GND Pin=C6-1
Removed Pin From Net: NetName=3.3 V Pin=C6-2
Removed Pin From Net: NetName=NetJ2_2 Pin=J2-2
Removed Pin From Net: NetName=3.3 V Pin=J2-4
Removed Pin From Net: NetName=GND Pin=J2-6
Removed Pin From Net: NetName=GND Pin=J2-10
Removed Pin From Net: NetName=GND Pin=J2-11
Removed Pin From Net: NetName=GND Pin=J2-12
Removed Pin From Net: NetName=GND Pin=J2-13
Removed Pin From Net: NetName=5 V Pin=J7-2
Removed Pin From Net: NetName=GND Pin=J7-3
Removed Pin From Net: NetName=NetR3_2 Pin=R4-2
Removed Pin From Net: NetName=GND Pin=U3-1
Removed Pin From Net: NetName=3.3 V Pin=U3-6
Removed Pin From Net: NetName=GND Pin=U3-7
Removed Pin From Net: NetName=3.3 V Pin=U3-8
Removed Pin From Net: NetName=NetJ2_2 Pin=U4-11
Removed Pin From Net: NetName=NetR3_2 Pin=U4-20
Removed Pin From Net: NetName=NetR3_2 Pin=U4-22
Removed Pin From Net: NetName=NetR3_2 Pin=U5-23
Removed Member From Class: ClassName=padometer Member=C1
Removed Member From Class: ClassName=padometer Member=C6
Removed Member From Class: ClassName=padometer Member=J3
Removed Member From Class: ClassName=padometer Member=J7
Removed Member From Class: ClassName=padometer Member=U5
Change Component Designator: OldDesignator=J3 NewDesignator=J2
Change Component Designator: OldDesignator=U4 NewDesignator=U3
Change Component Designator: OldDesignator=U5 NewDesignator=U4
Added Pin To Net: NetName=NetJ2_2 Pin=R4-2
Added Pin To Net: NetName=NetJ2_2 Pin=U3-20
Added Pin To Net: NetName=NetJ2_2 Pin=U4-23
Change Net Name : Old Net Name=NetJ2_2 New Net Name=NetR4_2
Change Net Name : Old Net Name=NetJ3_3 New Net Name=NetJ2_3
Change Net Name : Old Net Name=NetJ3_4 New Net Name=NetJ2_4
