Added Component: Designator=B1(PUSB BUTTON-SMD)
Add component (AddParameter): Name = "Satýn Alma Linki"; Value = "https://urun.n11.com/diger/mini-pushbutton-switch-smd-P227461537?gclid=Cj0KCQjwkoDmBRCcARIsAG3xzl8Y_-jeD7HocNM6lvuZ_rVp83568XPGtNzlPwXWLph8oCRqo0yh87UaApZYEALw_wcB&gclsrc=aw.ds"; VariantName = "[No Variations]"
Added Component: Designator=C1(C1206)
Added Component: Designator=C2(C1206- TANTAL)
Added Component: Designator=C3(C1206- TANTAL)
Added Component: Designator=C4(C1206)
Added Component: Designator=C5(C1206)
Added Component: Designator=C6(C1206)
Added Component: Designator=C7(C1206)
Added Component: Designator=C8(C1206)
Added Component: Designator=C9(C1206)
Added Component: Designator=C10(C1206)
Added Component: Designator=C11(C1206)
Added Component: Designator=C12(C1206)
Added Component: Designator=C13(C1206)
Added Component: Designator=C14(C1206)
Added Component: Designator=C15(C1206)
Added Component: Designator=C16(C1206)
Added Component: Designator=C17(C1206)
Added Component: Designator=C18(C1206)
Added Component: Designator=J1(Header 2.54 1x5)
Added Component: Designator=J2(Micro SD Card Holder)
Added Component: Designator=J3(Header 2.54 1x4)
Added Component: Designator=J4(Header 2.54 1x4)
Added Component: Designator=J5(Klemens 1x2 - 3.5mm)
Added Component: Designator=J6(Klemens 1x2 - 3.5mm)
Added Component: Designator=R1(R1206 Resýstor)
Added Component: Designator=R2(R1206 Resýstor)
Added Component: Designator=R3(R1206 Resýstor)
Added Component: Designator=R4(R1206 Resýstor)
Added Component: Designator=R5(R1206 Resýstor)
Added Component: Designator=U1(DPAK228P972X230-3N)
Added Component: Designator=U2(DPAK228P972X230-3N)
Added Component: Designator=U3(BMP280)
Added Component: Designator=U4(LQFP48-STM)
Added Component: Designator=U5(QFN50P400X400X90_HS-25N)
Added Component: Designator=Y1(8 MHZ Osc.)
Added Pin To Net: NetName=3.3 V Pin=C1-2
Added Pin To Net: NetName=3.3 V Pin=C3-1
Added Pin To Net: NetName=3.3 V Pin=C3-1
Added Pin To Net: NetName=3.3 V Pin=C6-2
Added Pin To Net: NetName=3.3 V Pin=C7-1
Added Pin To Net: NetName=3.3 V Pin=C8-1
Added Pin To Net: NetName=3.3 V Pin=C9-1
Added Pin To Net: NetName=3.3 V Pin=C10-1
Added Pin To Net: NetName=3.3 V Pin=C11-1
Added Pin To Net: NetName=3.3 V Pin=C12-1
Added Pin To Net: NetName=3.3 V Pin=C13-1
Added Pin To Net: NetName=3.3 V Pin=J1-1
Added Pin To Net: NetName=3.3 V Pin=J2-4
Added Pin To Net: NetName=3.3 V Pin=J3-1
Added Pin To Net: NetName=3.3 V Pin=R1-2
Added Pin To Net: NetName=3.3 V Pin=R3-1
Added Pin To Net: NetName=3.3 V Pin=R4-1
Added Pin To Net: NetName=3.3 V Pin=R5-2
Added Pin To Net: NetName=3.3 V Pin=U1-3
Added Pin To Net: NetName=3.3 V Pin=U3-6
Added Pin To Net: NetName=3.3 V Pin=U3-8
Added Pin To Net: NetName=3.3 V Pin=U4-1
Added Pin To Net: NetName=3.3 V Pin=U4-9
Added Pin To Net: NetName=3.3 V Pin=U4-24
Added Pin To Net: NetName=3.3 V Pin=U4-36
Added Pin To Net: NetName=3.3 V Pin=U4-48
Added Pin To Net: NetName=3.3 V Pin=U5-8
Added Pin To Net: NetName=3.3 V Pin=U5-13
Added Net: Name=3.3 V
Added Pin To Net: NetName=5 V Pin=C5-1
Added Pin To Net: NetName=5 V Pin=J6-1
Added Pin To Net: NetName=5 V Pin=U2-2
Added Net: Name=5 V
Added Pin To Net: NetName=7.4 V Pin=C2-1
Added Pin To Net: NetName=7.4 V Pin=C2-1
Added Pin To Net: NetName=7.4 V Pin=C4-1
Added Pin To Net: NetName=7.4 V Pin=J5-1
Added Pin To Net: NetName=7.4 V Pin=U1-2
Added Pin To Net: NetName=7.4 V Pin=U2-1
Added Net: Name=7.4 V
Added Pin To Net: NetName=GND Pin=B1-1
Added Pin To Net: NetName=GND Pin=B1-2
Added Pin To Net: NetName=GND Pin=C1-1
Added Pin To Net: NetName=GND Pin=C2-2
Added Pin To Net: NetName=GND Pin=C3-2
Added Pin To Net: NetName=GND Pin=C4-2
Added Pin To Net: NetName=GND Pin=C5-2
Added Pin To Net: NetName=GND Pin=C6-1
Added Pin To Net: NetName=GND Pin=C7-2
Added Pin To Net: NetName=GND Pin=C8-2
Added Pin To Net: NetName=GND Pin=C9-2
Added Pin To Net: NetName=GND Pin=C10-2
Added Pin To Net: NetName=GND Pin=C11-2
Added Pin To Net: NetName=GND Pin=C12-2
Added Pin To Net: NetName=GND Pin=C13-2
Added Pin To Net: NetName=GND Pin=C14-1
Added Pin To Net: NetName=GND Pin=C15-2
Added Pin To Net: NetName=GND Pin=C16-1
Added Pin To Net: NetName=GND Pin=C17-1
Added Pin To Net: NetName=GND Pin=C18-1
Added Pin To Net: NetName=GND Pin=J1-3
Added Pin To Net: NetName=GND Pin=J2-6
Added Pin To Net: NetName=GND Pin=J2-10
Added Pin To Net: NetName=GND Pin=J2-11
Added Pin To Net: NetName=GND Pin=J2-12
Added Pin To Net: NetName=GND Pin=J2-13
Added Pin To Net: NetName=GND Pin=J3-2
Added Pin To Net: NetName=GND Pin=J5-2
Added Pin To Net: NetName=GND Pin=J6-2
Added Pin To Net: NetName=GND Pin=R1-1
Added Pin To Net: NetName=GND Pin=R2-2
Added Pin To Net: NetName=GND Pin=U2-3
Added Pin To Net: NetName=GND Pin=U3-1
Added Pin To Net: NetName=GND Pin=U3-7
Added Pin To Net: NetName=GND Pin=U4-8
Added Pin To Net: NetName=GND Pin=U4-23
Added Pin To Net: NetName=GND Pin=U4-35
Added Pin To Net: NetName=GND Pin=U4-47
Added Pin To Net: NetName=GND Pin=U5-1
Added Pin To Net: NetName=GND Pin=U5-9
Added Pin To Net: NetName=GND Pin=U5-11
Added Pin To Net: NetName=GND Pin=U5-18
Added Pin To Net: NetName=GND Pin=Y1-2
Added Pin To Net: NetName=GND Pin=Y1-4
Added Net: Name=GND
Added Pin To Net: NetName=NetC14_2 Pin=C14-2
Added Pin To Net: NetName=NetC14_2 Pin=U4-6
Added Pin To Net: NetName=NetC14_2 Pin=Y1-1
Added Net: Name=NetC14_2
Added Pin To Net: NetName=NetC15_1 Pin=C15-1
Added Pin To Net: NetName=NetC15_1 Pin=U5-20
Added Net: Name=NetC15_1
Added Pin To Net: NetName=NetC16_2 Pin=C16-2
Added Pin To Net: NetName=NetC16_2 Pin=U4-5
Added Pin To Net: NetName=NetC16_2 Pin=Y1-3
Added Net: Name=NetC16_2
Added Pin To Net: NetName=NetC17_2 Pin=C17-2
Added Pin To Net: NetName=NetC17_2 Pin=U5-10
Added Net: Name=NetC17_2
Added Pin To Net: NetName=NetJ1_2 Pin=J1-2
Added Pin To Net: NetName=NetJ1_2 Pin=U4-37
Added Net: Name=NetJ1_2
Added Pin To Net: NetName=NetJ1_4 Pin=J1-4
Added Pin To Net: NetName=NetJ1_4 Pin=U4-34
Added Net: Name=NetJ1_4
Added Pin To Net: NetName=NetJ2_2 Pin=J2-2
Added Pin To Net: NetName=NetJ2_2 Pin=U4-11
Added Net: Name=NetJ2_2
Added Pin To Net: NetName=NetJ2_3 Pin=J2-3
Added Pin To Net: NetName=NetJ2_3 Pin=U3-5
Added Pin To Net: NetName=NetJ2_3 Pin=U4-16
Added Net: Name=NetJ2_3
Added Pin To Net: NetName=NetJ2_5 Pin=J2-5
Added Pin To Net: NetName=NetJ2_5 Pin=U3-4
Added Pin To Net: NetName=NetJ2_5 Pin=U4-15
Added Net: Name=NetJ2_5
Added Pin To Net: NetName=NetJ2_7 Pin=J2-7
Added Pin To Net: NetName=NetJ2_7 Pin=U3-3
Added Pin To Net: NetName=NetJ2_7 Pin=U4-17
Added Net: Name=NetJ2_7
Added Pin To Net: NetName=NetJ3_3 Pin=J3-3
Added Pin To Net: NetName=NetJ3_3 Pin=U4-30
Added Net: Name=NetJ3_3
Added Pin To Net: NetName=NetJ3_4 Pin=J3-4
Added Pin To Net: NetName=NetJ3_4 Pin=U4-31
Added Net: Name=NetJ3_4
Added Pin To Net: NetName=NetJ4_3 Pin=J4-3
Added Pin To Net: NetName=NetJ4_3 Pin=U4-12
Added Net: Name=NetJ4_3
Added Pin To Net: NetName=NetJ4_4 Pin=J4-4
Added Pin To Net: NetName=NetJ4_4 Pin=U4-13
Added Net: Name=NetJ4_4
Added Pin To Net: NetName=NetR2_1 Pin=R2-1
Added Pin To Net: NetName=NetR2_1 Pin=U4-44
Added Net: Name=NetR2_1
Added Pin To Net: NetName=NetR3_2 Pin=R3-2
Added Pin To Net: NetName=NetR3_2 Pin=R4-2
Added Pin To Net: NetName=NetR3_2 Pin=U4-20
Added Pin To Net: NetName=NetR3_2 Pin=U4-21
Added Pin To Net: NetName=NetR3_2 Pin=U4-22
Added Pin To Net: NetName=NetR3_2 Pin=U5-23
Added Pin To Net: NetName=NetR3_2 Pin=U5-24
Added Net: Name=NetR3_2
Added Pin To Net: NetName=NetU3_2 Pin=U3-2
Added Pin To Net: NetName=NetU3_2 Pin=U4-14
Added Net: Name=NetU3_2
Added Pin To Net: NetName=NRST Pin=B1-3
Added Pin To Net: NetName=NRST Pin=B1-4
Added Pin To Net: NetName=NRST Pin=C18-2
Added Pin To Net: NetName=NRST Pin=J1-5
Added Pin To Net: NetName=NRST Pin=R5-1
Added Pin To Net: NetName=NRST Pin=U4-7
Added Net: Name=NRST
Added Class: Name=padometer
Added Room: Name=padometer
