Removed Pin From Net: NetName=3.3 V Pin=C12-1
Removed Pin From Net: NetName=3.3 V Pin=C13-1
Removed Pin From Net: NetName=3.3 V Pin=R3-1
Removed Pin From Net: NetName=3.3 V Pin=R4-1
Removed Pin From Net: NetName=3.3 V Pin=U4-8
Removed Pin From Net: NetName=3.3 V Pin=U4-13
Removed Pin From Net: NetName=GND Pin=U4-25
Removed Pin From Net: NetName=3.3 V Pin=U5-8
Added Pin To Net: NetName=NetC12_1 Pin=C12-1
Added Pin To Net: NetName=NetC12_1 Pin=C13-1
Added Pin To Net: NetName=NetC12_1 Pin=R3-1
Added Pin To Net: NetName=NetC12_1 Pin=R4-1
Added Pin To Net: NetName=NetC12_1 Pin=U3-27
Added Pin To Net: NetName=NetC12_1 Pin=U4-8
Added Pin To Net: NetName=NetC12_1 Pin=U4-13
Added Net: Name=NetC12_1
Added Pin To Net: NetName=NetU3_26 Pin=U3-26
Added Pin To Net: NetName=NetU3_26 Pin=U5-8
Added Net: Name=NetU3_26
Added Room: Name=padometer
